build/app/intermediates/manifest_merge_blame_file/debug/processDebugMainManifest/manifest-merger-blame-debug-report.txt
1<?xml version="1.0" encoding="utf-8"?>
2<manifest xmlns:android="http://schemas.android.com/apk/res/android"
3    package="com.example.example_camera"
4    android:versionCode="1"
5    android:versionName="1.0.0" >
6
7    <uses-sdk
8        android:minSdkVersion="24"
9        android:targetSdkVersion="36" />
10    <!--
11         The INTERNET permission is required for development. Specifically,
12         the Flutter tool needs it to communicate with the running application
13         to allow setting breakpoints, to provide hot reload, etc.
14    -->
15    <uses-permission android:name="android.permission.INTERNET" />
15-->src/debug/AndroidManifest.xml:6:5-66
15-->src/debug/AndroidManifest.xml:6:22-64
16    <!-- Permissions for camera access -->
17    <uses-permission android:name="android.permission.CAMERA" />
17-->src/main/AndroidManifest.xml:3:5-65
17-->src/main/AndroidManifest.xml:3:22-62
18    <uses-permission android:name="android.permission.RECORD_AUDIO" />
18-->src/main/AndroidManifest.xml:4:5-71
18-->src/main/AndroidManifest.xml:4:22-68
19    <uses-permission
19-->src/main/AndroidManifest.xml:5:5-108
20        android:name="android.permission.WRITE_EXTERNAL_STORAGE"
20-->src/main/AndroidManifest.xml:5:22-78
21        android:maxSdkVersion="32" />
21-->src/main/AndroidManifest.xml:5:79-105
22    <uses-permission
22-->src/main/AndroidManifest.xml:6:5-107
23        android:name="android.permission.READ_EXTERNAL_STORAGE"
23-->src/main/AndroidManifest.xml:6:22-77
24        android:maxSdkVersion="32" />
24-->src/main/AndroidManifest.xml:6:78-104
25
26    <uses-feature
26-->src/main/AndroidManifest.xml:8:5-85
27        android:name="android.hardware.camera"
27-->src/main/AndroidManifest.xml:8:19-57
28        android:required="false" />
28-->src/main/AndroidManifest.xml:8:58-82
29    <uses-feature
29-->src/main/AndroidManifest.xml:9:5-95
30        android:name="android.hardware.camera.autofocus"
30-->src/main/AndroidManifest.xml:9:19-67
31        android:required="false" />
31-->src/main/AndroidManifest.xml:9:68-92
32    <!--
33 Required to query activities that can process text, see:
34         https://developer.android.com/training/package-visibility and
35         https://developer.android.com/reference/android/content/Intent#ACTION_PROCESS_TEXT.
36
37         In particular, this is used by the Flutter engine in io.flutter.plugin.text.ProcessTextPlugin.
38    -->
39    <queries>
39-->src/main/AndroidManifest.xml:48:5-53:15
40        <intent>
40-->src/main/AndroidManifest.xml:49:9-52:18
41            <action android:name="android.intent.action.PROCESS_TEXT" />
41-->src/main/AndroidManifest.xml:50:13-72
41-->src/main/AndroidManifest.xml:50:21-70
42
43            <data android:mimeType="text/plain" />
43-->src/main/AndroidManifest.xml:51:13-50
43-->src/main/AndroidManifest.xml:51:19-48
44        </intent>
45        <intent>
45-->[androidx.camera:camera-extensions:1.4.2] AndroidManifest.xml:23:9-25:18
46            <action android:name="androidx.camera.extensions.action.VENDOR_ACTION" />
46-->[androidx.camera:camera-extensions:1.4.2] AndroidManifest.xml:24:13-86
46-->[androidx.camera:camera-extensions:1.4.2] AndroidManifest.xml:24:21-83
47        </intent>
48
49        <package android:name="androidx.test.orchestrator" />
49-->[androidx.test:runner:1.6.1] AndroidManifest.xml:25:9-62
49-->[androidx.test:runner:1.6.1] AndroidManifest.xml:25:18-59
50        <package android:name="androidx.test.services" />
50-->[androidx.test:runner:1.6.1] AndroidManifest.xml:26:9-58
50-->[androidx.test:runner:1.6.1] AndroidManifest.xml:26:18-55
51        <package android:name="com.google.android.apps.common.testing.services" />
51-->[androidx.test:runner:1.6.1] AndroidManifest.xml:27:9-83
51-->[androidx.test:runner:1.6.1] AndroidManifest.xml:27:18-80
52    </queries>
53
54    <permission
54-->[androidx.core:core:1.13.1] AndroidManifest.xml:22:5-24:47
55        android:name="com.example.example_camera.DYNAMIC_RECEIVER_NOT_EXPORTED_PERMISSION"
55-->[androidx.core:core:1.13.1] AndroidManifest.xml:23:9-81
56        android:protectionLevel="signature" />
56-->[androidx.core:core:1.13.1] AndroidManifest.xml:24:9-44
57
58    <uses-permission android:name="com.example.example_camera.DYNAMIC_RECEIVER_NOT_EXPORTED_PERMISSION" />
58-->[androidx.core:core:1.13.1] AndroidManifest.xml:26:5-97
58-->[androidx.core:core:1.13.1] AndroidManifest.xml:26:22-94
59
60    <application
61        android:name="android.app.Application"
62        android:appComponentFactory="androidx.core.app.CoreComponentFactory"
62-->[androidx.core:core:1.13.1] AndroidManifest.xml:28:18-86
63        android:debuggable="true"
64        android:extractNativeLibs="false"
65        android:icon="@mipmap/ic_launcher"
66        android:label="example_camera" >
67        <activity
68            android:name="com.example.example_camera.MainActivity"
69            android:configChanges="orientation|keyboardHidden|keyboard|screenSize|smallestScreenSize|locale|layoutDirection|fontScale|screenLayout|density|uiMode"
70            android:exported="true"
71            android:hardwareAccelerated="true"
72            android:launchMode="singleTop"
73            android:taskAffinity=""
74            android:theme="@style/LaunchTheme"
75            android:windowSoftInputMode="adjustResize" >
76
77            <!--
78                 Specifies an Android theme to apply to this Activity as soon as
79                 the Android process has started. This theme is visible to the user
80                 while the Flutter UI initializes. After that, this theme continues
81                 to determine the Window background behind the Flutter UI.
82            -->
83            <meta-data
84                android:name="io.flutter.embedding.android.NormalTheme"
85                android:resource="@style/NormalTheme" />
86
87            <intent-filter>
88                <action android:name="android.intent.action.MAIN" />
89
90                <category android:name="android.intent.category.LAUNCHER" />
91            </intent-filter>
92        </activity>
93        <!--
94             Don't delete the meta-data below.
95             This is used by the Flutter tool to generate GeneratedPluginRegistrant.java
96        -->
97        <meta-data
98            android:name="flutterEmbedding"
99            android:value="2" />
100
101        <service android:name="io.apparence.camerawesome.buttons.PlayerService" />
101-->[:camerawesome] AndroidManifest.xml:10:9-83
101-->[:camerawesome] AndroidManifest.xml:10:18-80
102
103        <uses-library
103-->[androidx.camera:camera-extensions:1.4.2] AndroidManifest.xml:29:9-31:40
104            android:name="androidx.camera.extensions.impl"
104-->[androidx.camera:camera-extensions:1.4.2] AndroidManifest.xml:30:13-59
105            android:required="false" />
105-->[androidx.camera:camera-extensions:1.4.2] AndroidManifest.xml:31:13-37
106
107        <service
107-->[androidx.camera:camera-camera2:1.4.2] AndroidManifest.xml:24:9-33:19
108            android:name="androidx.camera.core.impl.MetadataHolderService"
108-->[androidx.camera:camera-camera2:1.4.2] AndroidManifest.xml:25:13-75
109            android:enabled="false"
109-->[androidx.camera:camera-camera2:1.4.2] AndroidManifest.xml:26:13-36
110            android:exported="false" >
110-->[androidx.camera:camera-camera2:1.4.2] AndroidManifest.xml:27:13-37
111            <meta-data
111-->[androidx.camera:camera-camera2:1.4.2] AndroidManifest.xml:30:13-32:89
112                android:name="androidx.camera.core.impl.MetadataHolderService.DEFAULT_CONFIG_PROVIDER"
112-->[androidx.camera:camera-camera2:1.4.2] AndroidManifest.xml:31:17-103
113                android:value="androidx.camera.camera2.Camera2Config$DefaultProvider" />
113-->[androidx.camera:camera-camera2:1.4.2] AndroidManifest.xml:32:17-86
114        </service>
115
116        <provider
116-->[:better_open_file] AndroidManifest.xml:9:9-18:20
117            android:name="com.crazecoder.openfile.FileProvider"
117-->[:better_open_file] AndroidManifest.xml:10:13-64
118            android:authorities="com.example.example_camera.fileProvider.com.crazecoder.openfile"
118-->[:better_open_file] AndroidManifest.xml:11:13-88
119            android:exported="false"
119-->[:better_open_file] AndroidManifest.xml:12:13-37
120            android:grantUriPermissions="true" >
120-->[:better_open_file] AndroidManifest.xml:13:13-47
121            <meta-data
121-->[:better_open_file] AndroidManifest.xml:15:13-17:53
122                android:name="android.support.FILE_PROVIDER_PATHS"
122-->[:better_open_file] AndroidManifest.xml:16:17-67
123                android:resource="@xml/filepaths" />
123-->[:better_open_file] AndroidManifest.xml:17:17-50
124        </provider>
125
126        <activity
126-->[com.google.android.gms:play-services-base:18.5.0] AndroidManifest.xml:5:9-173
127            android:name="com.google.android.gms.common.api.GoogleApiActivity"
127-->[com.google.android.gms:play-services-base:18.5.0] AndroidManifest.xml:5:19-85
128            android:exported="false"
128-->[com.google.android.gms:play-services-base:18.5.0] AndroidManifest.xml:5:146-170
129            android:theme="@android:style/Theme.Translucent.NoTitleBar" />
129-->[com.google.android.gms:play-services-base:18.5.0] AndroidManifest.xml:5:86-145
130
131        <meta-data
131-->[com.google.android.gms:play-services-basement:18.4.0] AndroidManifest.xml:6:9-122
132            android:name="com.google.android.gms.version"
132-->[com.google.android.gms:play-services-basement:18.4.0] AndroidManifest.xml:6:20-65
133            android:value="@integer/google_play_services_version" />
133-->[com.google.android.gms:play-services-basement:18.4.0] AndroidManifest.xml:6:66-119
134
135        <uses-library
135-->[androidx.window:window:1.2.0] AndroidManifest.xml:23:9-25:40
136            android:name="androidx.window.extensions"
136-->[androidx.window:window:1.2.0] AndroidManifest.xml:24:13-54
137            android:required="false" />
137-->[androidx.window:window:1.2.0] AndroidManifest.xml:25:13-37
138        <uses-library
138-->[androidx.window:window:1.2.0] AndroidManifest.xml:26:9-28:40
139            android:name="androidx.window.sidecar"
139-->[androidx.window:window:1.2.0] AndroidManifest.xml:27:13-51
140            android:required="false" />
140-->[androidx.window:window:1.2.0] AndroidManifest.xml:28:13-37
141
142        <provider
142-->[androidx.lifecycle:lifecycle-process:2.7.0] AndroidManifest.xml:24:9-32:20
143            android:name="androidx.startup.InitializationProvider"
143-->[androidx.lifecycle:lifecycle-process:2.7.0] AndroidManifest.xml:25:13-67
144            android:authorities="com.example.example_camera.androidx-startup"
144-->[androidx.lifecycle:lifecycle-process:2.7.0] AndroidManifest.xml:26:13-68
145            android:exported="false" >
145-->[androidx.lifecycle:lifecycle-process:2.7.0] AndroidManifest.xml:27:13-37
146            <meta-data
146-->[androidx.lifecycle:lifecycle-process:2.7.0] AndroidManifest.xml:29:13-31:52
147                android:name="androidx.lifecycle.ProcessLifecycleInitializer"
147-->[androidx.lifecycle:lifecycle-process:2.7.0] AndroidManifest.xml:30:17-78
148                android:value="androidx.startup" />
148-->[androidx.lifecycle:lifecycle-process:2.7.0] AndroidManifest.xml:31:17-49
149            <meta-data
149-->[androidx.profileinstaller:profileinstaller:1.3.1] AndroidManifest.xml:29:13-31:52
150                android:name="androidx.profileinstaller.ProfileInstallerInitializer"
150-->[androidx.profileinstaller:profileinstaller:1.3.1] AndroidManifest.xml:30:17-85
151                android:value="androidx.startup" />
151-->[androidx.profileinstaller:profileinstaller:1.3.1] AndroidManifest.xml:31:17-49
152        </provider>
153
154        <receiver
154-->[androidx.profileinstaller:profileinstaller:1.3.1] AndroidManifest.xml:34:9-52:20
155            android:name="androidx.profileinstaller.ProfileInstallReceiver"
155-->[androidx.profileinstaller:profileinstaller:1.3.1] AndroidManifest.xml:35:13-76
156            android:directBootAware="false"
156-->[androidx.profileinstaller:profileinstaller:1.3.1] AndroidManifest.xml:36:13-44
157            android:enabled="true"
157-->[androidx.profileinstaller:profileinstaller:1.3.1] AndroidManifest.xml:37:13-35
158            android:exported="true"
158-->[androidx.profileinstaller:profileinstaller:1.3.1] AndroidManifest.xml:38:13-36
159            android:permission="android.permission.DUMP" >
159-->[androidx.profileinstaller:profileinstaller:1.3.1] AndroidManifest.xml:39:13-57
160            <intent-filter>
160-->[androidx.profileinstaller:profileinstaller:1.3.1] AndroidManifest.xml:40:13-42:29
161                <action android:name="androidx.profileinstaller.action.INSTALL_PROFILE" />
161-->[androidx.profileinstaller:profileinstaller:1.3.1] AndroidManifest.xml:41:17-91
161-->[androidx.profileinstaller:profileinstaller:1.3.1] AndroidManifest.xml:41:25-88
162            </intent-filter>
163            <intent-filter>
163-->[androidx.profileinstaller:profileinstaller:1.3.1] AndroidManifest.xml:43:13-45:29
164                <action android:name="androidx.profileinstaller.action.SKIP_FILE" />
164-->[androidx.profileinstaller:profileinstaller:1.3.1] AndroidManifest.xml:44:17-85
164-->[androidx.profileinstaller:profileinstaller:1.3.1] AndroidManifest.xml:44:25-82
165            </intent-filter>
166            <intent-filter>
166-->[androidx.profileinstaller:profileinstaller:1.3.1] AndroidManifest.xml:46:13-48:29
167                <action android:name="androidx.profileinstaller.action.SAVE_PROFILE" />
167-->[androidx.profileinstaller:profileinstaller:1.3.1] AndroidManifest.xml:47:17-88
167-->[androidx.profileinstaller:profileinstaller:1.3.1] AndroidManifest.xml:47:25-85
168            </intent-filter>
169            <intent-filter>
169-->[androidx.profileinstaller:profileinstaller:1.3.1] AndroidManifest.xml:49:13-51:29
170                <action android:name="androidx.profileinstaller.action.BENCHMARK_OPERATION" />
170-->[androidx.profileinstaller:profileinstaller:1.3.1] AndroidManifest.xml:50:17-95
170-->[androidx.profileinstaller:profileinstaller:1.3.1] AndroidManifest.xml:50:25-92
171            </intent-filter>
172        </receiver>
173    </application>
174
175</manifest>